Copyright 1986-2018 Xilinx, Inc. All Rights Reserved.
-------------------------------------------------------------------------------------
| Tool Version : Vivado v.2018.3 (win64) Build 2405991 Thu Dec  6 23:38:27 MST 2018
| Date         : Fri Oct 11 16:00:01 2024
| Host         : PA11 running 64-bit major release  (build 9200)
| Command      : report_control_sets -verbose -file reg8file_control_sets_placed.rpt
| Design       : reg8file
| Device       : xc7a100t
-------------------------------------------------------------------------------------

Control Set Information

Table of Contents
-----------------
1. Summary
2. Histogram
3. Flip-Flop Distribution
4. Detailed Control Set Information

1. Summary
----------

+----------------------------------------------------------+-------+
|                          Status                          | Count |
+----------------------------------------------------------+-------+
| Number of unique control sets                            |     8 |
| Unused register locations in slices containing registers |     0 |
+----------------------------------------------------------+-------+


2. Histogram
------------

+--------+--------------+
| Fanout | Control Sets |
+--------+--------------+
|      8 |            8 |
+--------+--------------+


3. Flip-Flop Distribution
-------------------------

+--------------+-----------------------+------------------------+-----------------+--------------+
| Clock Enable | Synchronous Set/Reset | Asynchronous Set/Reset | Total Registers | Total Slices |
+--------------+-----------------------+------------------------+-----------------+--------------+
| No           | No                    | No                     |               0 |            0 |
| No           | No                    | Yes                    |               0 |            0 |
| No           | Yes                   | No                     |               0 |            0 |
| Yes          | No                    | No                     |               0 |            0 |
| Yes          | No                    | Yes                    |              64 |           15 |
| Yes          | Yes                   | No                     |               0 |            0 |
+--------------+-----------------------+------------------------+-----------------+--------------+


4. Detailed Control Set Information
-----------------------------------

+----------------+-----------------------+------------------+------------------+----------------+
|  Clock Signal  |     Enable Signal     | Set/Reset Signal | Slice Load Count | Bel Load Count |
+----------------+-----------------------+------------------+------------------+----------------+
|  clk_IBUF_BUFG | regfile[2][7]_i_1_n_0 | clr_IBUF         |                1 |              8 |
|  clk_IBUF_BUFG | regfile[5][7]_i_1_n_0 | clr_IBUF         |                1 |              8 |
|  clk_IBUF_BUFG | regfile[4][7]_i_1_n_0 | clr_IBUF         |                1 |              8 |
|  clk_IBUF_BUFG | regfile[0][7]_i_1_n_0 | clr_IBUF         |                2 |              8 |
|  clk_IBUF_BUFG | regfile[3][7]_i_1_n_0 | clr_IBUF         |                2 |              8 |
|  clk_IBUF_BUFG | regfile[1][7]_i_1_n_0 | clr_IBUF         |                1 |              8 |
|  clk_IBUF_BUFG | regfile[6][7]_i_1_n_0 | clr_IBUF         |                3 |              8 |
|  clk_IBUF_BUFG | regfile               | clr_IBUF         |                4 |              8 |
+----------------+-----------------------+------------------+------------------+----------------+


