#-----------------------------------------------------------
# Vivado v2018.3 (64-bit)
# SW Build 2405991 on Thu Dec  6 23:38:27 MST 2018
# IP Build 2404404 on Fri Dec  7 01:43:56 MST 2018
# Start of session at: Sat Oct 26 14:05:29 2024
# Process ID: 10040
# Current directory: E:/verilog/exp2/flowing_water_lights
# Command line: vivado.exe -gui_launcher_event rodinguilauncherevent1336 E:\verilog\exp2\flowing_water_lights\flowing_water_lights.xpr
# Log file: E:/verilog/exp2/flowing_water_lights/vivado.log
# Journal file: E:/verilog/exp2/flowing_water_lights\vivado.jou
#-----------------------------------------------------------
start_gui
open_project E:/verilog/exp2/flowing_water_lights/flowing_water_lights.xpr
Scanning sources...
Finished scanning sources
INFO: [IP_Flow 19-234] Refreshing IP repositories
INFO: [IP_Flow 19-1704] No user IP repositories specified
INFO: [IP_Flow 19-2313] Loaded Vivado IP repository 'C:/Xilinx/Vivado/2018.3/data/ip'.
open_project: Time (s): cpu = 00:00:11 ; elapsed = 00:00:08 . Memory (MB): peak = 791.867 ; gain = 132.988
update_compile_order -fileset sources_1
exit
INFO: [Common 17-206] Exiting Vivado at Sat Oct 26 14:06:09 2024...
